=======
invitedatas
=======
{"ok":0,"code":11000,"codeName":"DuplicateKey","keyPattern":{"ID":1},"keyValue":{"ID":"957437177413910548827248404383268866"}}




=======
keywords
=======
{"ok":0,"code":11000,"codeName":"DuplicateKey","keyPattern":{"ID":1},"keyValue":{"ID":"962732340860309616"}}




=======
social_logs
=======
{"ok":0,"code":11000,"codeName":"DuplicateKey","keyPattern":{"ID":1},"keyValue":{"ID":"962732340860309616"}}




=======
premia
=======
{"ok":0,"code":11000,"codeName":"DuplicateKey","keyPattern":{"ID":1},"keyValue":{"ID":"923512406766923818"}}




=======
customcommands
=======
{"ok":0,"code":11000,"codeName":"DuplicateKey","keyPattern":{"ID":1},"keyValue":{"ID":"949385948611895386"}}




=======
settings
=======
{"ok":0,"code":11000,"codeName":"DuplicateKey","keyPattern":{"ID":1},"keyValue":{"ID":"949385948611895386"}}




=======
invitedatas
=======
{"ok":0,"code":11000,"codeName":"DuplicateKey","keyPattern":{"ID":1},"keyValue":{"ID":"885870749305425920948331586779222096"}}




=======
keywords
=======
{"ok":0,"code":11000,"codeName":"DuplicateKey","keyPattern":{"ID":1},"keyValue":{"ID":"930441428826488833"}}




=======
jtcsettings
=======
{"ok":0,"code":11000,"codeName":"DuplicateKey","keyPattern":{"ID":1},"keyValue":{"ID":"930441428826488833"}}




